{"C:\\Users\\Alunos\\Documents\\GitHub\\Terceiro-Semestre\\ADA COMPANY\\MVC\\API_ADA_COMPANY_TS\\index.ts": {"path":"C:\\Users\\Alunos\\Documents\\GitHub\\Terceiro-Semestre\\ADA COMPANY\\MVC\\API_ADA_COMPANY_TS\\index.ts","statementMap":{"0":{"start":{"line":1,"column":0},"end":{"line":1,"column":23}},"1":{"start":{"line":2,"column":0},"end":{"line":2,"column":43}},"2":{"start":{"line":3,"column":0},"end":{"line":3,"column":37}},"3":{"start":{"line":4,"column":0},"end":{"line":4,"column":32}},"4":{"start":{"line":5,"column":0},"end":{"line":5,"column":24}},"5":{"start":{"line":6,"column":0},"end":{"line":6,"column":43}},"6":{"start":{"line":7,"column":0},"end":{"line":7,"column":41}},"7":{"start":{"line":8,"column":0},"end":{"line":8,"column":56}},"8":{"start":{"line":11,"column":0},"end":{"line":11,"column":53}},"9":{"start":{"line":12,"column":0},"end":{"line":12,"column":53}},"10":{"start":{"line":13,"column":0},"end":{"line":13,"column":61}},"11":{"start":{"line":14,"column":0},"end":{"line":14,"column":57}},"12":{"start":{"line":15,"column":0},"end":{"line":15,"column":49}},"13":{"start":{"line":17,"column":21},"end":{"line":17,"column":30}},"14":{"start":{"line":20,"column":0},"end":{"line":26,"column":2}},"15":{"start":{"line":29,"column":0},"end":{"line":29,"column":24}},"16":{"start":{"line":30,"column":0},"end":{"line":30,"column":27}},"17":{"start":{"line":31,"column":0},"end":{"line":31,"column":52}},"18":{"start":{"line":34,"column":0},"end":{"line":34,"column":33}},"19":{"start":{"line":35,"column":0},"end":{"line":35,"column":22}},"20":{"start":{"line":36,"column":0},"end":{"line":36,"column":22}},"21":{"start":{"line":37,"column":0},"end":{"line":37,"column":26}},"22":{"start":{"line":38,"column":0},"end":{"line":38,"column":24}},"23":{"start":{"line":41,"column":20},"end":{"line":41,"column":48}},"24":{"start":{"line":42,"column":0},"end":{"line":42,"column":68}},"25":{"start":{"line":45,"column":16},"end":{"line":45,"column":39}},"26":{"start":{"line":46,"column":0},"end":{"line":46,"column":34}},"27":{"start":{"line":47,"column":0},"end":{"line":49,"column":72}},"28":{"start":{"line":48,"column":16},"end":{"line":48,"column":51}},"29":{"start":{"line":49,"column":20},"end":{"line":49,"column":70}},"30":{"start":{"line":52,"column":11},"end":{"line":52,"column":30}},"31":{"start":{"line":53,"column":0},"end":{"line":53,"column":85}},"32":{"start":{"line":56,"column":0},"end":{"line":58,"column":3}},"33":{"start":{"line":57,"column":2},"end":{"line":57,"column":52}},"34":{"start":{"line":60,"column":0},"end":{"line":60,"column":19}}},"fnMap":{"0":{"name":"(anonymous_1)","decl":{"start":{"line":48,"column":10},"end":{"line":48,"column":13}},"loc":{"start":{"line":48,"column":16},"end":{"line":48,"column":51}}},"1":{"name":"(anonymous_2)","decl":{"start":{"line":49,"column":11},"end":{"line":49,"column":12}},"loc":{"start":{"line":49,"column":20},"end":{"line":49,"column":70}}},"2":{"name":"(anonymous_3)","decl":{"start":{"line":56,"column":17},"end":{"line":56,"column":20}},"loc":{"start":{"line":56,"column":22},"end":{"line":58,"column":1}}}},"branchMap":{},"s":{"0":1,"1":1,"2":1,"3":1,"4":1,"5":1,"6":1,"7":1,"8":1,"9":1,"10":1,"11":1,"12":1,"13":1,"14":1,"15":1,"16":1,"17":1,"18":1,"19":1,"20":1,"21":1,"22":1,"23":1,"24":1,"25":1,"26":1,"27":1,"28":1,"29":0,"30":1,"31":1,"32":1,"33":1,"34":1},"f":{"0":1,"1":0,"2":1},"b":{}}
,"C:\\Users\\Alunos\\Documents\\GitHub\\Terceiro-Semestre\\ADA COMPANY\\MVC\\API_ADA_COMPANY_TS\\src\\config.ts": {"path":"C:\\Users\\Alunos\\Documents\\GitHub\\Terceiro-Semestre\\ADA COMPANY\\MVC\\API_ADA_COMPANY_TS\\src\\config.ts","statementMap":{"0":{"start":{"line":1,"column":0},"end":{"line":1,"column":33}},"1":{"start":{"line":4,"column":0},"end":{"line":4,"column":16}},"2":{"start":{"line":11,"column":23},"end":{"line":14,"column":2}},"3":{"start":{"line":16,"column":0},"end":{"line":16,"column":22}}},"fnMap":{},"branchMap":{"0":{"loc":{"start":{"line":12,"column":14},"end":{"line":12,"column":52}},"type":"binary-expr","locations":[{"start":{"line":12,"column":14},"end":{"line":12,"column":36}},{"start":{"line":12,"column":40},"end":{"line":12,"column":52}}]}},"s":{"0":2,"1":2,"2":2,"3":2},"f":{},"b":{"0":[2,2]}}
,"C:\\Users\\Alunos\\Documents\\GitHub\\Terceiro-Semestre\\ADA COMPANY\\MVC\\API_ADA_COMPANY_TS\\src\\config\\swaggerConfig.ts": {"path":"C:\\Users\\Alunos\\Documents\\GitHub\\Terceiro-Semestre\\ADA COMPANY\\MVC\\API_ADA_COMPANY_TS\\src\\config\\swaggerConfig.ts","statementMap":{"0":{"start":{"line":1,"column":23},"end":{"line":17,"column":4}},"1":{"start":{"line":19,"column":2},"end":{"line":19,"column":32}}},"fnMap":{},"branchMap":{},"s":{"0":1,"1":1},"f":{},"b":{}}
,"C:\\Users\\Alunos\\Documents\\GitHub\\Terceiro-Semestre\\ADA COMPANY\\MVC\\API_ADA_COMPANY_TS\\src\\controllers\\authController.ts": {"path":"C:\\Users\\Alunos\\Documents\\GitHub\\Terceiro-Semestre\\ADA COMPANY\\MVC\\API_ADA_COMPANY_TS\\src\\controllers\\authController.ts","statementMap":{"0":{"start":{"line":2,"column":0},"end":{"line":2,"column":45}},"1":{"start":{"line":3,"column":0},"end":{"line":3,"column":53}},"2":{"start":{"line":4,"column":0},"end":{"line":4,"column":30}},"3":{"start":{"line":5,"column":0},"end":{"line":5,"column":31}},"4":{"start":{"line":6,"column":0},"end":{"line":6,"column":31}},"5":{"start":{"line":7,"column":0},"end":{"line":7,"column":23}},"6":{"start":{"line":15,"column":31},"end":{"line":61,"column":2}},"7":{"start":{"line":15,"column":92},"end":{"line":61,"column":2}},"8":{"start":{"line":24,"column":6},"end":{"line":24,"column":14}},"9":{"start":{"line":26,"column":2},"end":{"line":60,"column":3}},"10":{"start":{"line":27,"column":20},"end":{"line":50,"column":6}},"11":{"start":{"line":52,"column":4},"end":{"line":52,"column":25}},"12":{"start":{"line":53,"column":4},"end":{"line":53,"column":71}},"13":{"start":{"line":55,"column":4},"end":{"line":55,"column":23}},"14":{"start":{"line":56,"column":4},"end":{"line":58,"column":5}},"15":{"start":{"line":57,"column":6},"end":{"line":57,"column":51}},"16":{"start":{"line":59,"column":4},"end":{"line":59,"column":57}},"17":{"start":{"line":15,"column":13},"end":{"line":15,"column":31}},"18":{"start":{"line":64,"column":35},"end":{"line":108,"column":2}},"19":{"start":{"line":64,"column":96},"end":{"line":108,"column":2}},"20":{"start":{"line":72,"column":6},"end":{"line":72,"column":14}},"21":{"start":{"line":74,"column":2},"end":{"line":107,"column":3}},"22":{"start":{"line":75,"column":24},"end":{"line":97,"column":6}},"23":{"start":{"line":99,"column":4},"end":{"line":99,"column":29}},"24":{"start":{"line":100,"column":4},"end":{"line":100,"column":75}},"25":{"start":{"line":102,"column":4},"end":{"line":102,"column":23}},"26":{"start":{"line":103,"column":4},"end":{"line":105,"column":5}},"27":{"start":{"line":104,"column":6},"end":{"line":104,"column":51}},"28":{"start":{"line":106,"column":4},"end":{"line":106,"column":57}},"29":{"start":{"line":64,"column":13},"end":{"line":64,"column":35}},"30":{"start":{"line":111,"column":25},"end":{"line":145,"column":2}},"31":{"start":{"line":111,"column":71},"end":{"line":145,"column":2}},"32":{"start":{"line":112,"column":27},"end":{"line":112,"column":35}},"33":{"start":{"line":114,"column":2},"end":{"line":144,"column":3}},"34":{"start":{"line":115,"column":15},"end":{"line":115,"column":64}},"35":{"start":{"line":116,"column":49},"end":{"line":116,"column":58}},"36":{"start":{"line":118,"column":4},"end":{"line":121,"column":5}},"37":{"start":{"line":119,"column":6},"end":{"line":119,"column":67}},"38":{"start":{"line":120,"column":6},"end":{"line":120,"column":34}},"39":{"start":{"line":123,"column":4},"end":{"line":125,"column":5}},"40":{"start":{"line":124,"column":6},"end":{"line":124,"column":64}},"41":{"start":{"line":127,"column":4},"end":{"line":129,"column":5}},"42":{"start":{"line":128,"column":6},"end":{"line":128,"column":80}},"43":{"start":{"line":131,"column":20},"end":{"line":131,"column":67}},"44":{"start":{"line":132,"column":4},"end":{"line":134,"column":5}},"45":{"start":{"line":133,"column":6},"end":{"line":133,"column":57}},"46":{"start":{"line":136,"column":18},"end":{"line":136,"column":103}},"47":{"start":{"line":137,"column":4},"end":{"line":137,"column":43}},"48":{"start":{"line":139,"column":4},"end":{"line":139,"column":41}},"49":{"start":{"line":140,"column":4},"end":{"line":142,"column":5}},"50":{"start":{"line":141,"column":6},"end":{"line":141,"column":51}},"51":{"start":{"line":143,"column":4},"end":{"line":143,"column":57}},"52":{"start":{"line":111,"column":13},"end":{"line":111,"column":25}}},"fnMap":{"0":{"name":"(anonymous_8)","decl":{"start":{"line":15,"column":31},"end":{"line":15,"column":38}},"loc":{"start":{"line":15,"column":92},"end":{"line":61,"column":2}}},"1":{"name":"(anonymous_9)","decl":{"start":{"line":15,"column":92},"end":{"line":15,"column":null}},"loc":{"start":{"line":15,"column":92},"end":{"line":61,"column":1}}},"2":{"name":"(anonymous_10)","decl":{"start":{"line":64,"column":35},"end":{"line":64,"column":42}},"loc":{"start":{"line":64,"column":96},"end":{"line":108,"column":2}}},"3":{"name":"(anonymous_11)","decl":{"start":{"line":64,"column":96},"end":{"line":64,"column":null}},"loc":{"start":{"line":64,"column":96},"end":{"line":108,"column":1}}},"4":{"name":"(anonymous_12)","decl":{"start":{"line":111,"column":25},"end":{"line":111,"column":32}},"loc":{"start":{"line":111,"column":71},"end":{"line":145,"column":2}}},"5":{"name":"(anonymous_13)","decl":{"start":{"line":111,"column":71},"end":{"line":111,"column":null}},"loc":{"start":{"line":111,"column":71},"end":{"line":145,"column":1}}}},"branchMap":{"0":{"loc":{"start":{"line":56,"column":4},"end":{"line":58,"column":5}},"type":"if","locations":[{"start":{"line":56,"column":4},"end":{"line":58,"column":5}}]},"1":{"loc":{"start":{"line":103,"column":4},"end":{"line":105,"column":5}},"type":"if","locations":[{"start":{"line":103,"column":4},"end":{"line":105,"column":5}}]},"2":{"loc":{"start":{"line":118,"column":4},"end":{"line":121,"column":5}},"type":"if","locations":[{"start":{"line":118,"column":4},"end":{"line":121,"column":5}}]},"3":{"loc":{"start":{"line":123,"column":4},"end":{"line":125,"column":5}},"type":"if","locations":[{"start":{"line":123,"column":4},"end":{"line":125,"column":5}}]},"4":{"loc":{"start":{"line":127,"column":4},"end":{"line":129,"column":5}},"type":"if","locations":[{"start":{"line":127,"column":4},"end":{"line":129,"column":5}}]},"5":{"loc":{"start":{"line":127,"column":8},"end":{"line":127,"column":44}},"type":"binary-expr","locations":[{"start":{"line":127,"column":8},"end":{"line":127,"column":21}},{"start":{"line":127,"column":25},"end":{"line":127,"column":44}}]},"6":{"loc":{"start":{"line":132,"column":4},"end":{"line":134,"column":5}},"type":"if","locations":[{"start":{"line":132,"column":4},"end":{"line":134,"column":5}}]},"7":{"loc":{"start":{"line":140,"column":4},"end":{"line":142,"column":5}},"type":"if","locations":[{"start":{"line":140,"column":4},"end":{"line":142,"column":5}}]}},"s":{"0":2,"1":2,"2":2,"3":2,"4":2,"5":2,"6":2,"7":1,"8":1,"9":1,"10":1,"11":1,"12":1,"13":0,"14":0,"15":0,"16":0,"17":2,"18":2,"19":1,"20":1,"21":1,"22":1,"23":1,"24":1,"25":0,"26":0,"27":0,"28":0,"29":2,"30":2,"31":2,"32":2,"33":2,"34":2,"35":2,"36":2,"37":1,"38":1,"39":2,"40":0,"41":2,"42":0,"43":2,"44":2,"45":0,"46":2,"47":2,"48":0,"49":0,"50":0,"51":0,"52":2},"f":{"0":1,"1":1,"2":1,"3":1,"4":2,"5":2},"b":{"0":[0],"1":[0],"2":[1],"3":[0],"4":[0],"5":[2,2],"6":[0],"7":[0]}}
,"C:\\Users\\Alunos\\Documents\\GitHub\\Terceiro-Semestre\\ADA COMPANY\\MVC\\API_ADA_COMPANY_TS\\src\\controllers\\clienteController.ts": {"path":"C:\\Users\\Alunos\\Documents\\GitHub\\Terceiro-Semestre\\ADA COMPANY\\MVC\\API_ADA_COMPANY_TS\\src\\controllers\\clienteController.ts","statementMap":{"0":{"start":{"line":2,"column":0},"end":{"line":2,"column":45}},"1":{"start":{"line":5,"column":27},"end":{"line":12,"column":2}},"2":{"start":{"line":5,"column":80},"end":{"line":12,"column":2}},"3":{"start":{"line":6,"column":4},"end":{"line":11,"column":5}},"4":{"start":{"line":7,"column":25},"end":{"line":7,"column":45}},"5":{"start":{"line":8,"column":8},"end":{"line":8,"column":27}},"6":{"start":{"line":10,"column":8},"end":{"line":10,"column":69}},"7":{"start":{"line":5,"column":13},"end":{"line":5,"column":27}},"8":{"start":{"line":15,"column":29},"end":{"line":26,"column":2}},"9":{"start":{"line":15,"column":82},"end":{"line":26,"column":2}},"10":{"start":{"line":16,"column":4},"end":{"line":25,"column":5}},"11":{"start":{"line":17,"column":24},"end":{"line":17,"column":95}},"12":{"start":{"line":18,"column":8},"end":{"line":22,"column":9}},"13":{"start":{"line":19,"column":12},"end":{"line":19,"column":30}},"14":{"start":{"line":21,"column":12},"end":{"line":21,"column":72}},"15":{"start":{"line":24,"column":8},"end":{"line":24,"column":71}},"16":{"start":{"line":15,"column":13},"end":{"line":15,"column":29}},"17":{"start":{"line":29,"column":29},"end":{"line":40,"column":2}},"18":{"start":{"line":29,"column":82},"end":{"line":40,"column":2}},"19":{"start":{"line":30,"column":4},"end":{"line":39,"column":5}},"20":{"start":{"line":31,"column":24},"end":{"line":31,"column":70}},"21":{"start":{"line":32,"column":8},"end":{"line":36,"column":9}},"22":{"start":{"line":33,"column":12},"end":{"line":33,"column":66}},"23":{"start":{"line":35,"column":12},"end":{"line":35,"column":72}},"24":{"start":{"line":38,"column":8},"end":{"line":38,"column":69}},"25":{"start":{"line":29,"column":13},"end":{"line":29,"column":29}},"26":{"start":{"line":43,"column":23},"end":{"line":54,"column":2}},"27":{"start":{"line":43,"column":76},"end":{"line":54,"column":2}},"28":{"start":{"line":44,"column":4},"end":{"line":53,"column":5}},"29":{"start":{"line":45,"column":24},"end":{"line":45,"column":61}},"30":{"start":{"line":46,"column":8},"end":{"line":50,"column":9}},"31":{"start":{"line":47,"column":12},"end":{"line":47,"column":30}},"32":{"start":{"line":49,"column":12},"end":{"line":49,"column":72}},"33":{"start":{"line":52,"column":8},"end":{"line":52,"column":80}},"34":{"start":{"line":43,"column":13},"end":{"line":43,"column":23}}},"fnMap":{"0":{"name":"(anonymous_8)","decl":{"start":{"line":5,"column":27},"end":{"line":5,"column":34}},"loc":{"start":{"line":5,"column":80},"end":{"line":12,"column":2}}},"1":{"name":"(anonymous_9)","decl":{"start":{"line":5,"column":80},"end":{"line":5,"column":null}},"loc":{"start":{"line":5,"column":80},"end":{"line":12,"column":1}}},"2":{"name":"(anonymous_10)","decl":{"start":{"line":15,"column":29},"end":{"line":15,"column":36}},"loc":{"start":{"line":15,"column":82},"end":{"line":26,"column":2}}},"3":{"name":"(anonymous_11)","decl":{"start":{"line":15,"column":82},"end":{"line":15,"column":null}},"loc":{"start":{"line":15,"column":82},"end":{"line":26,"column":1}}},"4":{"name":"(anonymous_12)","decl":{"start":{"line":29,"column":29},"end":{"line":29,"column":36}},"loc":{"start":{"line":29,"column":82},"end":{"line":40,"column":2}}},"5":{"name":"(anonymous_13)","decl":{"start":{"line":29,"column":82},"end":{"line":29,"column":null}},"loc":{"start":{"line":29,"column":82},"end":{"line":40,"column":1}}},"6":{"name":"(anonymous_14)","decl":{"start":{"line":43,"column":23},"end":{"line":43,"column":30}},"loc":{"start":{"line":43,"column":76},"end":{"line":54,"column":2}}},"7":{"name":"(anonymous_15)","decl":{"start":{"line":43,"column":76},"end":{"line":43,"column":null}},"loc":{"start":{"line":43,"column":76},"end":{"line":54,"column":1}}}},"branchMap":{"0":{"loc":{"start":{"line":18,"column":8},"end":{"line":22,"column":9}},"type":"if","locations":[{"start":{"line":18,"column":8},"end":{"line":22,"column":9}},{"start":{"line":20,"column":15},"end":{"line":22,"column":9}}]},"1":{"loc":{"start":{"line":32,"column":8},"end":{"line":36,"column":9}},"type":"if","locations":[{"start":{"line":32,"column":8},"end":{"line":36,"column":9}},{"start":{"line":34,"column":15},"end":{"line":36,"column":9}}]},"2":{"loc":{"start":{"line":46,"column":8},"end":{"line":50,"column":9}},"type":"if","locations":[{"start":{"line":46,"column":8},"end":{"line":50,"column":9}},{"start":{"line":48,"column":15},"end":{"line":50,"column":9}}]}},"s":{"0":1,"1":1,"2":1,"3":1,"4":1,"5":1,"6":0,"7":1,"8":1,"9":2,"10":2,"11":2,"12":2,"13":1,"14":1,"15":0,"16":1,"17":1,"18":2,"19":2,"20":2,"21":2,"22":1,"23":1,"24":0,"25":1,"26":1,"27":0,"28":0,"29":0,"30":0,"31":0,"32":0,"33":0,"34":1},"f":{"0":1,"1":1,"2":2,"3":2,"4":2,"5":2,"6":0,"7":0},"b":{"0":[1,1],"1":[1,1],"2":[0,0]}}
,"C:\\Users\\Alunos\\Documents\\GitHub\\Terceiro-Semestre\\ADA COMPANY\\MVC\\API_ADA_COMPANY_TS\\src\\controllers\\funcionarioController.ts": {"path":"C:\\Users\\Alunos\\Documents\\GitHub\\Terceiro-Semestre\\ADA COMPANY\\MVC\\API_ADA_COMPANY_TS\\src\\controllers\\funcionarioController.ts","statementMap":{"0":{"start":{"line":2,"column":0},"end":{"line":2,"column":53}},"1":{"start":{"line":5,"column":31},"end":{"line":12,"column":2}},"2":{"start":{"line":5,"column":84},"end":{"line":12,"column":2}},"3":{"start":{"line":6,"column":4},"end":{"line":11,"column":5}},"4":{"start":{"line":7,"column":29},"end":{"line":7,"column":53}},"5":{"start":{"line":8,"column":8},"end":{"line":8,"column":31}},"6":{"start":{"line":10,"column":8},"end":{"line":10,"column":73}},"7":{"start":{"line":5,"column":13},"end":{"line":5,"column":31}},"8":{"start":{"line":15,"column":33},"end":{"line":26,"column":2}},"9":{"start":{"line":15,"column":86},"end":{"line":26,"column":2}},"10":{"start":{"line":16,"column":4},"end":{"line":25,"column":5}},"11":{"start":{"line":17,"column":28},"end":{"line":17,"column":103}},"12":{"start":{"line":18,"column":8},"end":{"line":22,"column":9}},"13":{"start":{"line":19,"column":12},"end":{"line":19,"column":34}},"14":{"start":{"line":21,"column":12},"end":{"line":21,"column":76}},"15":{"start":{"line":24,"column":8},"end":{"line":24,"column":75}},"16":{"start":{"line":15,"column":13},"end":{"line":15,"column":33}},"17":{"start":{"line":29,"column":33},"end":{"line":40,"column":2}},"18":{"start":{"line":29,"column":86},"end":{"line":40,"column":2}},"19":{"start":{"line":30,"column":4},"end":{"line":39,"column":5}},"20":{"start":{"line":31,"column":28},"end":{"line":31,"column":78}},"21":{"start":{"line":32,"column":8},"end":{"line":36,"column":9}},"22":{"start":{"line":33,"column":12},"end":{"line":33,"column":70}},"23":{"start":{"line":35,"column":12},"end":{"line":35,"column":76}},"24":{"start":{"line":38,"column":8},"end":{"line":38,"column":73}},"25":{"start":{"line":29,"column":13},"end":{"line":29,"column":33}},"26":{"start":{"line":43,"column":34},"end":{"line":54,"column":2}},"27":{"start":{"line":43,"column":87},"end":{"line":54,"column":2}},"28":{"start":{"line":44,"column":4},"end":{"line":53,"column":5}},"29":{"start":{"line":45,"column":28},"end":{"line":45,"column":69}},"30":{"start":{"line":46,"column":8},"end":{"line":50,"column":9}},"31":{"start":{"line":47,"column":12},"end":{"line":47,"column":34}},"32":{"start":{"line":49,"column":12},"end":{"line":49,"column":76}},"33":{"start":{"line":52,"column":8},"end":{"line":52,"column":84}},"34":{"start":{"line":43,"column":13},"end":{"line":43,"column":34}}},"fnMap":{"0":{"name":"(anonymous_8)","decl":{"start":{"line":5,"column":31},"end":{"line":5,"column":38}},"loc":{"start":{"line":5,"column":84},"end":{"line":12,"column":2}}},"1":{"name":"(anonymous_9)","decl":{"start":{"line":5,"column":84},"end":{"line":5,"column":null}},"loc":{"start":{"line":5,"column":84},"end":{"line":12,"column":1}}},"2":{"name":"(anonymous_10)","decl":{"start":{"line":15,"column":33},"end":{"line":15,"column":40}},"loc":{"start":{"line":15,"column":86},"end":{"line":26,"column":2}}},"3":{"name":"(anonymous_11)","decl":{"start":{"line":15,"column":86},"end":{"line":15,"column":null}},"loc":{"start":{"line":15,"column":86},"end":{"line":26,"column":1}}},"4":{"name":"(anonymous_12)","decl":{"start":{"line":29,"column":33},"end":{"line":29,"column":40}},"loc":{"start":{"line":29,"column":86},"end":{"line":40,"column":2}}},"5":{"name":"(anonymous_13)","decl":{"start":{"line":29,"column":86},"end":{"line":29,"column":null}},"loc":{"start":{"line":29,"column":86},"end":{"line":40,"column":1}}},"6":{"name":"(anonymous_14)","decl":{"start":{"line":43,"column":34},"end":{"line":43,"column":41}},"loc":{"start":{"line":43,"column":87},"end":{"line":54,"column":2}}},"7":{"name":"(anonymous_15)","decl":{"start":{"line":43,"column":87},"end":{"line":43,"column":null}},"loc":{"start":{"line":43,"column":87},"end":{"line":54,"column":1}}}},"branchMap":{"0":{"loc":{"start":{"line":18,"column":8},"end":{"line":22,"column":9}},"type":"if","locations":[{"start":{"line":18,"column":8},"end":{"line":22,"column":9}},{"start":{"line":20,"column":15},"end":{"line":22,"column":9}}]},"1":{"loc":{"start":{"line":32,"column":8},"end":{"line":36,"column":9}},"type":"if","locations":[{"start":{"line":32,"column":8},"end":{"line":36,"column":9}},{"start":{"line":34,"column":15},"end":{"line":36,"column":9}}]},"2":{"loc":{"start":{"line":46,"column":8},"end":{"line":50,"column":9}},"type":"if","locations":[{"start":{"line":46,"column":8},"end":{"line":50,"column":9}},{"start":{"line":48,"column":15},"end":{"line":50,"column":9}}]}},"s":{"0":1,"1":1,"2":0,"3":0,"4":0,"5":0,"6":0,"7":1,"8":1,"9":0,"10":0,"11":0,"12":0,"13":0,"14":0,"15":0,"16":1,"17":1,"18":0,"19":0,"20":0,"21":0,"22":0,"23":0,"24":0,"25":1,"26":1,"27":0,"28":0,"29":0,"30":0,"31":0,"32":0,"33":0,"34":1},"f":{"0":0,"1":0,"2":0,"3":0,"4":0,"5":0,"6":0,"7":0},"b":{"0":[0,0],"1":[0,0],"2":[0,0]}}
,"C:\\Users\\Alunos\\Documents\\GitHub\\Terceiro-Semestre\\ADA COMPANY\\MVC\\API_ADA_COMPANY_TS\\src\\controllers\\orcamentoController.ts": {"path":"C:\\Users\\Alunos\\Documents\\GitHub\\Terceiro-Semestre\\ADA COMPANY\\MVC\\API_ADA_COMPANY_TS\\src\\controllers\\orcamentoController.ts","statementMap":{"0":{"start":{"line":2,"column":0},"end":{"line":2,"column":49}},"1":{"start":{"line":5,"column":28},"end":{"line":15,"column":2}},"2":{"start":{"line":5,"column":85},"end":{"line":15,"column":2}},"3":{"start":{"line":6,"column":4},"end":{"line":14,"column":5}},"4":{"start":{"line":7,"column":23},"end":{"line":7,"column":67}},"5":{"start":{"line":8,"column":8},"end":{"line":8,"column":44}},"6":{"start":{"line":10,"column":8},"end":{"line":12,"column":9}},"7":{"start":{"line":11,"column":12},"end":{"line":11,"column":101}},"8":{"start":{"line":13,"column":8},"end":{"line":13,"column":90}},"9":{"start":{"line":5,"column":13},"end":{"line":5,"column":28}},"10":{"start":{"line":18,"column":22},"end":{"line":39,"column":2}},"11":{"start":{"line":18,"column":79},"end":{"line":39,"column":2}},"12":{"start":{"line":19,"column":4},"end":{"line":38,"column":5}},"13":{"start":{"line":20,"column":26},"end":{"line":29,"column":10}},"14":{"start":{"line":31,"column":8},"end":{"line":31,"column":31}},"15":{"start":{"line":32,"column":8},"end":{"line":32,"column":47}},"16":{"start":{"line":34,"column":8},"end":{"line":36,"column":9}},"17":{"start":{"line":35,"column":12},"end":{"line":35,"column":103}},"18":{"start":{"line":37,"column":8},"end":{"line":37,"column":90}},"19":{"start":{"line":18,"column":13},"end":{"line":18,"column":22}},"20":{"start":{"line":42,"column":31},"end":{"line":70,"column":2}},"21":{"start":{"line":42,"column":88},"end":{"line":70,"column":2}},"22":{"start":{"line":43,"column":4},"end":{"line":69,"column":5}},"23":{"start":{"line":44,"column":23},"end":{"line":44,"column":33}},"24":{"start":{"line":47,"column":32},"end":{"line":47,"column":34}},"25":{"start":{"line":48,"column":8},"end":{"line":48,"column":74}},"26":{"start":{"line":48,"column":32},"end":{"line":48,"column":74}},"27":{"start":{"line":49,"column":8},"end":{"line":49,"column":98}},"28":{"start":{"line":49,"column":40},"end":{"line":49,"column":98}},"29":{"start":{"line":50,"column":8},"end":{"line":50,"column":80}},"30":{"start":{"line":50,"column":34},"end":{"line":50,"column":80}},"31":{"start":{"line":51,"column":8},"end":{"line":51,"column":77}},"32":{"start":{"line":51,"column":33},"end":{"line":51,"column":77}},"33":{"start":{"line":52,"column":8},"end":{"line":52,"column":80}},"34":{"start":{"line":52,"column":34},"end":{"line":52,"column":80}},"35":{"start":{"line":53,"column":8},"end":{"line":53,"column":92}},"36":{"start":{"line":53,"column":38},"end":{"line":53,"column":92}},"37":{"start":{"line":54,"column":8},"end":{"line":54,"column":74}},"38":{"start":{"line":54,"column":32},"end":{"line":54,"column":74}},"39":{"start":{"line":55,"column":8},"end":{"line":55,"column":86}},"40":{"start":{"line":55,"column":36},"end":{"line":55,"column":86}},"41":{"start":{"line":57,"column":33},"end":{"line":57,"column":97}},"42":{"start":{"line":59,"column":8},"end":{"line":61,"column":9}},"43":{"start":{"line":60,"column":12},"end":{"line":60,"column":82}},"44":{"start":{"line":63,"column":8},"end":{"line":63,"column":54}},"45":{"start":{"line":65,"column":8},"end":{"line":67,"column":9}},"46":{"start":{"line":66,"column":12},"end":{"line":66,"column":105}},"47":{"start":{"line":68,"column":8},"end":{"line":68,"column":94}},"48":{"start":{"line":42,"column":13},"end":{"line":42,"column":31}},"49":{"start":{"line":73,"column":31},"end":{"line":90,"column":2}},"50":{"start":{"line":73,"column":88},"end":{"line":90,"column":2}},"51":{"start":{"line":74,"column":4},"end":{"line":89,"column":5}},"52":{"start":{"line":75,"column":23},"end":{"line":75,"column":33}},"53":{"start":{"line":77,"column":33},"end":{"line":77,"column":70}},"54":{"start":{"line":79,"column":8},"end":{"line":81,"column":9}},"55":{"start":{"line":80,"column":12},"end":{"line":80,"column":82}},"56":{"start":{"line":83,"column":8},"end":{"line":83,"column":84}},"57":{"start":{"line":85,"column":8},"end":{"line":87,"column":9}},"58":{"start":{"line":86,"column":12},"end":{"line":86,"column":103}},"59":{"start":{"line":88,"column":8},"end":{"line":88,"column":92}},"60":{"start":{"line":73,"column":13},"end":{"line":73,"column":31}},"61":{"start":{"line":93,"column":23},"end":{"line":106,"column":2}},"62":{"start":{"line":93,"column":80},"end":{"line":106,"column":2}},"63":{"start":{"line":94,"column":4},"end":{"line":105,"column":5}},"64":{"start":{"line":95,"column":23},"end":{"line":95,"column":62}},"65":{"start":{"line":96,"column":8},"end":{"line":98,"column":9}},"66":{"start":{"line":97,"column":12},"end":{"line":97,"column":82}},"67":{"start":{"line":99,"column":8},"end":{"line":99,"column":44}},"68":{"start":{"line":101,"column":8},"end":{"line":103,"column":9}},"69":{"start":{"line":102,"column":12},"end":{"line":102,"column":112}},"70":{"start":{"line":104,"column":8},"end":{"line":104,"column":101}},"71":{"start":{"line":93,"column":13},"end":{"line":93,"column":23}}},"fnMap":{"0":{"name":"(anonymous_8)","decl":{"start":{"line":5,"column":28},"end":{"line":5,"column":35}},"loc":{"start":{"line":5,"column":85},"end":{"line":15,"column":2}}},"1":{"name":"(anonymous_9)","decl":{"start":{"line":5,"column":85},"end":{"line":5,"column":null}},"loc":{"start":{"line":5,"column":85},"end":{"line":15,"column":1}}},"2":{"name":"(anonymous_10)","decl":{"start":{"line":18,"column":22},"end":{"line":18,"column":29}},"loc":{"start":{"line":18,"column":79},"end":{"line":39,"column":2}}},"3":{"name":"(anonymous_11)","decl":{"start":{"line":18,"column":79},"end":{"line":18,"column":null}},"loc":{"start":{"line":18,"column":79},"end":{"line":39,"column":1}}},"4":{"name":"(anonymous_12)","decl":{"start":{"line":42,"column":31},"end":{"line":42,"column":38}},"loc":{"start":{"line":42,"column":88},"end":{"line":70,"column":2}}},"5":{"name":"(anonymous_13)","decl":{"start":{"line":42,"column":88},"end":{"line":42,"column":null}},"loc":{"start":{"line":42,"column":88},"end":{"line":70,"column":1}}},"6":{"name":"(anonymous_14)","decl":{"start":{"line":73,"column":31},"end":{"line":73,"column":38}},"loc":{"start":{"line":73,"column":88},"end":{"line":90,"column":2}}},"7":{"name":"(anonymous_15)","decl":{"start":{"line":73,"column":88},"end":{"line":73,"column":null}},"loc":{"start":{"line":73,"column":88},"end":{"line":90,"column":1}}},"8":{"name":"(anonymous_16)","decl":{"start":{"line":93,"column":23},"end":{"line":93,"column":30}},"loc":{"start":{"line":93,"column":80},"end":{"line":106,"column":2}}},"9":{"name":"(anonymous_17)","decl":{"start":{"line":93,"column":80},"end":{"line":93,"column":null}},"loc":{"start":{"line":93,"column":80},"end":{"line":106,"column":1}}}},"branchMap":{"0":{"loc":{"start":{"line":10,"column":8},"end":{"line":12,"column":9}},"type":"if","locations":[{"start":{"line":10,"column":8},"end":{"line":12,"column":9}}]},"1":{"loc":{"start":{"line":34,"column":8},"end":{"line":36,"column":9}},"type":"if","locations":[{"start":{"line":34,"column":8},"end":{"line":36,"column":9}}]},"2":{"loc":{"start":{"line":48,"column":8},"end":{"line":48,"column":74}},"type":"if","locations":[{"start":{"line":48,"column":8},"end":{"line":48,"column":74}}]},"3":{"loc":{"start":{"line":49,"column":8},"end":{"line":49,"column":98}},"type":"if","locations":[{"start":{"line":49,"column":8},"end":{"line":49,"column":98}}]},"4":{"loc":{"start":{"line":50,"column":8},"end":{"line":50,"column":80}},"type":"if","locations":[{"start":{"line":50,"column":8},"end":{"line":50,"column":80}}]},"5":{"loc":{"start":{"line":51,"column":8},"end":{"line":51,"column":77}},"type":"if","locations":[{"start":{"line":51,"column":8},"end":{"line":51,"column":77}}]},"6":{"loc":{"start":{"line":52,"column":8},"end":{"line":52,"column":80}},"type":"if","locations":[{"start":{"line":52,"column":8},"end":{"line":52,"column":80}}]},"7":{"loc":{"start":{"line":53,"column":8},"end":{"line":53,"column":92}},"type":"if","locations":[{"start":{"line":53,"column":8},"end":{"line":53,"column":92}}]},"8":{"loc":{"start":{"line":54,"column":8},"end":{"line":54,"column":74}},"type":"if","locations":[{"start":{"line":54,"column":8},"end":{"line":54,"column":74}}]},"9":{"loc":{"start":{"line":55,"column":8},"end":{"line":55,"column":86}},"type":"if","locations":[{"start":{"line":55,"column":8},"end":{"line":55,"column":86}}]},"10":{"loc":{"start":{"line":59,"column":8},"end":{"line":61,"column":9}},"type":"if","locations":[{"start":{"line":59,"column":8},"end":{"line":61,"column":9}}]},"11":{"loc":{"start":{"line":65,"column":8},"end":{"line":67,"column":9}},"type":"if","locations":[{"start":{"line":65,"column":8},"end":{"line":67,"column":9}}]},"12":{"loc":{"start":{"line":79,"column":8},"end":{"line":81,"column":9}},"type":"if","locations":[{"start":{"line":79,"column":8},"end":{"line":81,"column":9}}]},"13":{"loc":{"start":{"line":85,"column":8},"end":{"line":87,"column":9}},"type":"if","locations":[{"start":{"line":85,"column":8},"end":{"line":87,"column":9}}]},"14":{"loc":{"start":{"line":96,"column":8},"end":{"line":98,"column":9}},"type":"if","locations":[{"start":{"line":96,"column":8},"end":{"line":98,"column":9}}]},"15":{"loc":{"start":{"line":101,"column":8},"end":{"line":103,"column":9}},"type":"if","locations":[{"start":{"line":101,"column":8},"end":{"line":103,"column":9}}]}},"s":{"0":1,"1":1,"2":0,"3":0,"4":0,"5":0,"6":0,"7":0,"8":0,"9":1,"10":1,"11":0,"12":0,"13":0,"14":0,"15":0,"16":0,"17":0,"18":0,"19":1,"20":1,"21":0,"22":0,"23":0,"24":0,"25":0,"26":0,"27":0,"28":0,"29":0,"30":0,"31":0,"32":0,"33":0,"34":0,"35":0,"36":0,"37":0,"38":0,"39":0,"40":0,"41":0,"42":0,"43":0,"44":0,"45":0,"46":0,"47":0,"48":1,"49":1,"50":0,"51":0,"52":0,"53":0,"54":0,"55":0,"56":0,"57":0,"58":0,"59":0,"60":1,"61":1,"62":0,"63":0,"64":0,"65":0,"66":0,"67":0,"68":0,"69":0,"70":0,"71":1},"f":{"0":0,"1":0,"2":0,"3":0,"4":0,"5":0,"6":0,"7":0,"8":0,"9":0},"b":{"0":[0],"1":[0],"2":[0],"3":[0],"4":[0],"5":[0],"6":[0],"7":[0],"8":[0],"9":[0],"10":[0],"11":[0],"12":[0],"13":[0],"14":[0],"15":[0]}}
,"C:\\Users\\Alunos\\Documents\\GitHub\\Terceiro-Semestre\\ADA COMPANY\\MVC\\API_ADA_COMPANY_TS\\src\\controllers\\servicoController.ts": {"path":"C:\\Users\\Alunos\\Documents\\GitHub\\Terceiro-Semestre\\ADA COMPANY\\MVC\\API_ADA_COMPANY_TS\\src\\controllers\\servicoController.ts","statementMap":{"0":{"start":{"line":2,"column":0},"end":{"line":2,"column":45}},"1":{"start":{"line":5,"column":19},"end":{"line":12,"column":2}},"2":{"start":{"line":5,"column":57},"end":{"line":12,"column":2}},"3":{"start":{"line":6,"column":4},"end":{"line":11,"column":5}},"4":{"start":{"line":7,"column":25},"end":{"line":7,"column":45}},"5":{"start":{"line":8,"column":8},"end":{"line":8,"column":39}},"6":{"start":{"line":10,"column":8},"end":{"line":10,"column":80}},"7":{"start":{"line":15,"column":15},"end":{"line":23,"column":2}},"8":{"start":{"line":15,"column":53},"end":{"line":23,"column":2}},"9":{"start":{"line":16,"column":4},"end":{"line":22,"column":5}},"10":{"start":{"line":17,"column":28},"end":{"line":17,"column":49}},"11":{"start":{"line":18,"column":8},"end":{"line":18,"column":33}},"12":{"start":{"line":19,"column":8},"end":{"line":19,"column":42}},"13":{"start":{"line":21,"column":8},"end":{"line":21,"column":79}},"14":{"start":{"line":26,"column":22},"end":{"line":36,"column":2}},"15":{"start":{"line":26,"column":60},"end":{"line":36,"column":2}},"16":{"start":{"line":27,"column":4},"end":{"line":35,"column":5}},"17":{"start":{"line":28,"column":24},"end":{"line":28,"column":95}},"18":{"start":{"line":29,"column":8},"end":{"line":31,"column":9}},"19":{"start":{"line":30,"column":12},"end":{"line":30,"column":79}},"20":{"start":{"line":32,"column":8},"end":{"line":32,"column":38}},"21":{"start":{"line":34,"column":8},"end":{"line":34,"column":83}},"22":{"start":{"line":39,"column":22},"end":{"line":49,"column":2}},"23":{"start":{"line":39,"column":60},"end":{"line":49,"column":2}},"24":{"start":{"line":40,"column":4},"end":{"line":48,"column":5}},"25":{"start":{"line":41,"column":24},"end":{"line":41,"column":70}},"26":{"start":{"line":42,"column":8},"end":{"line":44,"column":9}},"27":{"start":{"line":43,"column":12},"end":{"line":43,"column":79}},"28":{"start":{"line":45,"column":8},"end":{"line":45,"column":74}},"29":{"start":{"line":47,"column":8},"end":{"line":47,"column":81}},"30":{"start":{"line":52,"column":16},"end":{"line":62,"column":2}},"31":{"start":{"line":52,"column":54},"end":{"line":62,"column":2}},"32":{"start":{"line":53,"column":4},"end":{"line":61,"column":5}},"33":{"start":{"line":54,"column":24},"end":{"line":54,"column":61}},"34":{"start":{"line":55,"column":8},"end":{"line":57,"column":9}},"35":{"start":{"line":56,"column":12},"end":{"line":56,"column":79}},"36":{"start":{"line":58,"column":8},"end":{"line":58,"column":38}},"37":{"start":{"line":60,"column":8},"end":{"line":60,"column":91}},"38":{"start":{"line":64,"column":0},"end":{"line":70,"column":2}}},"fnMap":{"0":{"name":"(anonymous_8)","decl":{"start":{"line":5,"column":19},"end":{"line":5,"column":26}},"loc":{"start":{"line":5,"column":57},"end":{"line":12,"column":2}}},"1":{"name":"(anonymous_9)","decl":{"start":{"line":5,"column":57},"end":{"line":5,"column":null}},"loc":{"start":{"line":5,"column":57},"end":{"line":12,"column":1}}},"2":{"name":"(anonymous_10)","decl":{"start":{"line":15,"column":15},"end":{"line":15,"column":22}},"loc":{"start":{"line":15,"column":53},"end":{"line":23,"column":2}}},"3":{"name":"(anonymous_11)","decl":{"start":{"line":15,"column":53},"end":{"line":15,"column":null}},"loc":{"start":{"line":15,"column":53},"end":{"line":23,"column":1}}},"4":{"name":"(anonymous_12)","decl":{"start":{"line":26,"column":22},"end":{"line":26,"column":29}},"loc":{"start":{"line":26,"column":60},"end":{"line":36,"column":2}}},"5":{"name":"(anonymous_13)","decl":{"start":{"line":26,"column":60},"end":{"line":26,"column":null}},"loc":{"start":{"line":26,"column":60},"end":{"line":36,"column":1}}},"6":{"name":"(anonymous_14)","decl":{"start":{"line":39,"column":22},"end":{"line":39,"column":29}},"loc":{"start":{"line":39,"column":60},"end":{"line":49,"column":2}}},"7":{"name":"(anonymous_15)","decl":{"start":{"line":39,"column":60},"end":{"line":39,"column":null}},"loc":{"start":{"line":39,"column":60},"end":{"line":49,"column":1}}},"8":{"name":"(anonymous_16)","decl":{"start":{"line":52,"column":16},"end":{"line":52,"column":23}},"loc":{"start":{"line":52,"column":54},"end":{"line":62,"column":2}}},"9":{"name":"(anonymous_17)","decl":{"start":{"line":52,"column":54},"end":{"line":52,"column":null}},"loc":{"start":{"line":52,"column":54},"end":{"line":62,"column":1}}}},"branchMap":{"0":{"loc":{"start":{"line":29,"column":8},"end":{"line":31,"column":9}},"type":"if","locations":[{"start":{"line":29,"column":8},"end":{"line":31,"column":9}}]},"1":{"loc":{"start":{"line":42,"column":8},"end":{"line":44,"column":9}},"type":"if","locations":[{"start":{"line":42,"column":8},"end":{"line":44,"column":9}}]},"2":{"loc":{"start":{"line":55,"column":8},"end":{"line":57,"column":9}},"type":"if","locations":[{"start":{"line":55,"column":8},"end":{"line":57,"column":9}}]}},"s":{"0":1,"1":1,"2":0,"3":0,"4":0,"5":0,"6":0,"7":1,"8":0,"9":0,"10":0,"11":0,"12":0,"13":0,"14":1,"15":0,"16":0,"17":0,"18":0,"19":0,"20":0,"21":0,"22":1,"23":0,"24":0,"25":0,"26":0,"27":0,"28":0,"29":0,"30":1,"31":0,"32":0,"33":0,"34":0,"35":0,"36":0,"37":0,"38":1},"f":{"0":0,"1":0,"2":0,"3":0,"4":0,"5":0,"6":0,"7":0,"8":0,"9":0},"b":{"0":[0],"1":[0],"2":[0]}}
,"C:\\Users\\Alunos\\Documents\\GitHub\\Terceiro-Semestre\\ADA COMPANY\\MVC\\API_ADA_COMPANY_TS\\src\\middleware\\auth.ts": {"path":"C:\\Users\\Alunos\\Documents\\GitHub\\Terceiro-Semestre\\ADA COMPANY\\MVC\\API_ADA_COMPANY_TS\\src\\middleware\\auth.ts","statementMap":{"0":{"start":{"line":1,"column":0},"end":{"line":1,"column":31}},"1":{"start":{"line":3,"column":32},"end":{"line":7,"column":1}},"2":{"start":{"line":4,"column":20},"end":{"line":4,"column":54}},"3":{"start":{"line":5,"column":19},"end":{"line":5,"column":57}},"4":{"start":{"line":6,"column":4},"end":{"line":6,"column":58}},"5":{"start":{"line":3,"column":13},"end":{"line":3,"column":32}}},"fnMap":{"0":{"name":"(anonymous_1)","decl":{"start":{"line":3,"column":32},"end":{"line":3,"column":43}},"loc":{"start":{"line":3,"column":45},"end":{"line":7,"column":1}}}},"branchMap":{"0":{"loc":{"start":{"line":5,"column":19},"end":{"line":5,"column":57}},"type":"binary-expr","locations":[{"start":{"line":5,"column":19},"end":{"line":5,"column":41}},{"start":{"line":5,"column":45},"end":{"line":5,"column":57}}]}},"s":{"0":1,"1":1,"2":1,"3":1,"4":1,"5":1},"f":{"0":1},"b":{"0":[1,1]}}
,"C:\\Users\\Alunos\\Documents\\GitHub\\Terceiro-Semestre\\ADA COMPANY\\MVC\\API_ADA_COMPANY_TS\\src\\middleware\\authMiddleware.ts": {"path":"C:\\Users\\Alunos\\Documents\\GitHub\\Terceiro-Semestre\\ADA COMPANY\\MVC\\API_ADA_COMPANY_TS\\src\\middleware\\authMiddleware.ts","statementMap":{"0":{"start":{"line":2,"column":0},"end":{"line":2,"column":36}},"1":{"start":{"line":3,"column":0},"end":{"line":3,"column":31}},"2":{"start":{"line":11,"column":27},"end":{"line":28,"column":1}},"3":{"start":{"line":12,"column":16},"end":{"line":12,"column":59}},"4":{"start":{"line":14,"column":2},"end":{"line":17,"column":3}},"5":{"start":{"line":15,"column":4},"end":{"line":15,"column":62}},"6":{"start":{"line":16,"column":4},"end":{"line":16,"column":11}},"7":{"start":{"line":19,"column":2},"end":{"line":27,"column":3}},"8":{"start":{"line":20,"column":20},"end":{"line":20,"column":66}},"9":{"start":{"line":21,"column":4},"end":{"line":21,"column":23}},"10":{"start":{"line":22,"column":4},"end":{"line":22,"column":11}},"11":{"start":{"line":23,"column":4},"end":{"line":23,"column":42}},"12":{"start":{"line":24,"column":4},"end":{"line":24,"column":48}},"13":{"start":{"line":26,"column":4},"end":{"line":26,"column":57}},"14":{"start":{"line":11,"column":13},"end":{"line":11,"column":27}},"15":{"start":{"line":31,"column":37},"end":{"line":37,"column":1}},"16":{"start":{"line":32,"column":2},"end":{"line":35,"column":3}},"17":{"start":{"line":33,"column":4},"end":{"line":33,"column":73}},"18":{"start":{"line":34,"column":4},"end":{"line":34,"column":11}},"19":{"start":{"line":36,"column":2},"end":{"line":36,"column":9}},"20":{"start":{"line":31,"column":13},"end":{"line":31,"column":37}}},"fnMap":{"0":{"name":"(anonymous_7)","decl":{"start":{"line":11,"column":27},"end":{"line":11,"column":28}},"loc":{"start":{"line":11,"column":98},"end":{"line":28,"column":1}}},"1":{"name":"(anonymous_8)","decl":{"start":{"line":31,"column":37},"end":{"line":31,"column":38}},"loc":{"start":{"line":31,"column":108},"end":{"line":37,"column":1}}}},"branchMap":{"0":{"loc":{"start":{"line":12,"column":16},"end":{"line":12,"column":59}},"type":"cond-expr","locations":[{"start":{"line":12,"column":44},"end":{"line":12,"column":46}},{"start":{"line":12,"column":44},"end":{"line":12,"column":59}}]},"1":{"loc":{"start":{"line":12,"column":16},"end":{"line":12,"column":46}},"type":"binary-expr","locations":[{"start":{"line":12,"column":16},"end":{"line":12,"column":46}},{"start":{"line":12,"column":44},"end":{"line":12,"column":46}}]},"2":{"loc":{"start":{"line":14,"column":2},"end":{"line":17,"column":3}},"type":"if","locations":[{"start":{"line":14,"column":2},"end":{"line":17,"column":3}}]},"3":{"loc":{"start":{"line":32,"column":2},"end":{"line":35,"column":3}},"type":"if","locations":[{"start":{"line":32,"column":2},"end":{"line":35,"column":3}}]},"4":{"loc":{"start":{"line":32,"column":6},"end":{"line":32,"column":20}},"type":"cond-expr","locations":[{"start":{"line":32,"column":14},"end":{"line":32,"column":16}},{"start":{"line":32,"column":14},"end":{"line":32,"column":20}}]},"5":{"loc":{"start":{"line":32,"column":6},"end":{"line":32,"column":16}},"type":"binary-expr","locations":[{"start":{"line":32,"column":6},"end":{"line":32,"column":16}},{"start":{"line":32,"column":14},"end":{"line":32,"column":16}}]}},"s":{"0":1,"1":1,"2":1,"3":5,"4":5,"5":0,"6":0,"7":5,"8":5,"9":5,"10":5,"11":5,"12":5,"13":0,"14":1,"15":1,"16":5,"17":0,"18":0,"19":5,"20":1},"f":{"0":5,"1":5},"b":{"0":[0,5],"1":[5,5],"2":[0],"3":[0],"4":[0,5],"5":[5,5]}}
,"C:\\Users\\Alunos\\Documents\\GitHub\\Terceiro-Semestre\\ADA COMPANY\\MVC\\API_ADA_COMPANY_TS\\src\\models\\clienteModel.ts": {"path":"C:\\Users\\Alunos\\Documents\\GitHub\\Terceiro-Semestre\\ADA COMPANY\\MVC\\API_ADA_COMPANY_TS\\src\\models\\clienteModel.ts","statementMap":{"0":{"start":{"line":1,"column":0},"end":{"line":1,"column":54}},"1":{"start":{"line":2,"column":0},"end":{"line":2,"column":30}},"2":{"start":{"line":40,"column":40},"end":{"line":73,"column":2}},"3":{"start":{"line":76,"column":0},"end":{"line":83,"column":3}},"4":{"start":{"line":77,"column":2},"end":{"line":79,"column":3}},"5":{"start":{"line":78,"column":4},"end":{"line":78,"column":18}},"6":{"start":{"line":80,"column":15},"end":{"line":80,"column":39}},"7":{"start":{"line":81,"column":2},"end":{"line":81,"column":67}},"8":{"start":{"line":82,"column":2},"end":{"line":82,"column":9}},"9":{"start":{"line":86,"column":0},"end":{"line":86,"column":66}}},"fnMap":{"0":{"name":"(anonymous_14)","decl":{"start":{"line":76,"column":36},"end":{"line":76,"column":52}},"loc":{"start":{"line":76,"column":56},"end":{"line":83,"column":2}}}},"branchMap":{"0":{"loc":{"start":{"line":77,"column":2},"end":{"line":79,"column":3}},"type":"if","locations":[{"start":{"line":77,"column":2},"end":{"line":79,"column":3}}]}},"s":{"0":2,"1":2,"2":2,"3":2,"4":6,"5":0,"6":6,"7":6,"8":6,"9":2},"f":{"0":6},"b":{"0":[0]}}
,"C:\\Users\\Alunos\\Documents\\GitHub\\Terceiro-Semestre\\ADA COMPANY\\MVC\\API_ADA_COMPANY_TS\\src\\models\\funcionarioModel.ts": {"path":"C:\\Users\\Alunos\\Documents\\GitHub\\Terceiro-Semestre\\ADA COMPANY\\MVC\\API_ADA_COMPANY_TS\\src\\models\\funcionarioModel.ts","statementMap":{"0":{"start":{"line":1,"column":0},"end":{"line":1,"column":54}},"1":{"start":{"line":2,"column":0},"end":{"line":2,"column":30}},"2":{"start":{"line":41,"column":48},"end":{"line":69,"column":2}},"3":{"start":{"line":72,"column":0},"end":{"line":79,"column":3}},"4":{"start":{"line":73,"column":2},"end":{"line":75,"column":3}},"5":{"start":{"line":74,"column":4},"end":{"line":74,"column":18}},"6":{"start":{"line":76,"column":15},"end":{"line":76,"column":39}},"7":{"start":{"line":77,"column":2},"end":{"line":77,"column":67}},"8":{"start":{"line":78,"column":2},"end":{"line":78,"column":9}},"9":{"start":{"line":82,"column":0},"end":{"line":82,"column":78}}},"fnMap":{"0":{"name":"(anonymous_14)","decl":{"start":{"line":72,"column":44},"end":{"line":72,"column":60}},"loc":{"start":{"line":72,"column":64},"end":{"line":79,"column":2}}}},"branchMap":{"0":{"loc":{"start":{"line":73,"column":2},"end":{"line":75,"column":3}},"type":"if","locations":[{"start":{"line":73,"column":2},"end":{"line":75,"column":3}}]}},"s":{"0":2,"1":2,"2":2,"3":2,"4":1,"5":0,"6":1,"7":1,"8":1,"9":2},"f":{"0":1},"b":{"0":[0]}}
,"C:\\Users\\Alunos\\Documents\\GitHub\\Terceiro-Semestre\\ADA COMPANY\\MVC\\API_ADA_COMPANY_TS\\src\\models\\orcamentoModel.ts": {"path":"C:\\Users\\Alunos\\Documents\\GitHub\\Terceiro-Semestre\\ADA COMPANY\\MVC\\API_ADA_COMPANY_TS\\src\\models\\orcamentoModel.ts","statementMap":{"0":{"start":{"line":1,"column":0},"end":{"line":1,"column":54}},"1":{"start":{"line":17,"column":44},"end":{"line":55,"column":2}},"2":{"start":{"line":58,"column":0},"end":{"line":58,"column":72}}},"fnMap":{},"branchMap":{},"s":{"0":1,"1":1,"2":1},"f":{},"b":{}}
,"C:\\Users\\Alunos\\Documents\\GitHub\\Terceiro-Semestre\\ADA COMPANY\\MVC\\API_ADA_COMPANY_TS\\src\\models\\servicoModel.ts": {"path":"C:\\Users\\Alunos\\Documents\\GitHub\\Terceiro-Semestre\\ADA COMPANY\\MVC\\API_ADA_COMPANY_TS\\src\\models\\servicoModel.ts","statementMap":{"0":{"start":{"line":1,"column":0},"end":{"line":1,"column":54}},"1":{"start":{"line":12,"column":40},"end":{"line":34,"column":2}},"2":{"start":{"line":37,"column":0},"end":{"line":37,"column":66}}},"fnMap":{},"branchMap":{},"s":{"0":1,"1":1,"2":1},"f":{},"b":{}}
,"C:\\Users\\Alunos\\Documents\\GitHub\\Terceiro-Semestre\\ADA COMPANY\\MVC\\API_ADA_COMPANY_TS\\src\\routes\\authRoutes.ts": {"path":"C:\\Users\\Alunos\\Documents\\GitHub\\Terceiro-Semestre\\ADA COMPANY\\MVC\\API_ADA_COMPANY_TS\\src\\routes\\authRoutes.ts","statementMap":{"0":{"start":{"line":1,"column":0},"end":{"line":1,"column":61}},"1":{"start":{"line":2,"column":0},"end":{"line":2,"column":96}},"2":{"start":{"line":4,"column":23},"end":{"line":4,"column":39}},"3":{"start":{"line":7,"column":0},"end":{"line":18,"column":3}},"4":{"start":{"line":7,"column":70},"end":{"line":18,"column":2}},"5":{"start":{"line":8,"column":2},"end":{"line":17,"column":3}},"6":{"start":{"line":9,"column":19},"end":{"line":9,"column":50}},"7":{"start":{"line":10,"column":4},"end":{"line":10,"column":43}},"8":{"start":{"line":12,"column":4},"end":{"line":16,"column":5}},"9":{"start":{"line":13,"column":6},"end":{"line":13,"column":53}},"10":{"start":{"line":15,"column":6},"end":{"line":15,"column":61}},"11":{"start":{"line":21,"column":0},"end":{"line":32,"column":3}},"12":{"start":{"line":21,"column":74},"end":{"line":32,"column":2}},"13":{"start":{"line":22,"column":2},"end":{"line":31,"column":3}},"14":{"start":{"line":23,"column":19},"end":{"line":23,"column":54}},"15":{"start":{"line":24,"column":4},"end":{"line":24,"column":43}},"16":{"start":{"line":26,"column":4},"end":{"line":30,"column":5}},"17":{"start":{"line":27,"column":6},"end":{"line":27,"column":53}},"18":{"start":{"line":29,"column":6},"end":{"line":29,"column":61}},"19":{"start":{"line":35,"column":0},"end":{"line":46,"column":3}},"20":{"start":{"line":35,"column":60},"end":{"line":46,"column":2}},"21":{"start":{"line":36,"column":2},"end":{"line":45,"column":3}},"22":{"start":{"line":37,"column":19},"end":{"line":37,"column":39}},"23":{"start":{"line":38,"column":4},"end":{"line":38,"column":43}},"24":{"start":{"line":40,"column":4},"end":{"line":44,"column":5}},"25":{"start":{"line":41,"column":6},"end":{"line":41,"column":53}},"26":{"start":{"line":43,"column":6},"end":{"line":43,"column":61}},"27":{"start":{"line":48,"column":0},"end":{"line":48,"column":22}}},"fnMap":{"0":{"name":"(anonymous_8)","decl":{"start":{"line":7,"column":32},"end":{"line":7,"column":39}},"loc":{"start":{"line":7,"column":70},"end":{"line":18,"column":2}}},"1":{"name":"(anonymous_9)","decl":{"start":{"line":7,"column":70},"end":{"line":7,"column":null}},"loc":{"start":{"line":7,"column":70},"end":{"line":18,"column":1}}},"2":{"name":"(anonymous_10)","decl":{"start":{"line":21,"column":36},"end":{"line":21,"column":43}},"loc":{"start":{"line":21,"column":74},"end":{"line":32,"column":2}}},"3":{"name":"(anonymous_11)","decl":{"start":{"line":21,"column":74},"end":{"line":21,"column":null}},"loc":{"start":{"line":21,"column":74},"end":{"line":32,"column":1}}},"4":{"name":"(anonymous_12)","decl":{"start":{"line":35,"column":22},"end":{"line":35,"column":29}},"loc":{"start":{"line":35,"column":60},"end":{"line":46,"column":2}}},"5":{"name":"(anonymous_13)","decl":{"start":{"line":35,"column":60},"end":{"line":35,"column":null}},"loc":{"start":{"line":35,"column":60},"end":{"line":46,"column":1}}}},"branchMap":{"0":{"loc":{"start":{"line":12,"column":4},"end":{"line":16,"column":5}},"type":"if","locations":[{"start":{"line":12,"column":4},"end":{"line":16,"column":5}},{"start":{"line":14,"column":11},"end":{"line":16,"column":5}}]},"1":{"loc":{"start":{"line":26,"column":4},"end":{"line":30,"column":5}},"type":"if","locations":[{"start":{"line":26,"column":4},"end":{"line":30,"column":5}},{"start":{"line":28,"column":11},"end":{"line":30,"column":5}}]},"2":{"loc":{"start":{"line":40,"column":4},"end":{"line":44,"column":5}},"type":"if","locations":[{"start":{"line":40,"column":4},"end":{"line":44,"column":5}},{"start":{"line":42,"column":11},"end":{"line":44,"column":5}}]}},"s":{"0":2,"1":2,"2":2,"3":2,"4":1,"5":1,"6":1,"7":1,"8":0,"9":0,"10":0,"11":2,"12":1,"13":1,"14":1,"15":1,"16":0,"17":0,"18":0,"19":2,"20":2,"21":2,"22":2,"23":2,"24":0,"25":0,"26":0,"27":2},"f":{"0":1,"1":1,"2":1,"3":1,"4":2,"5":2},"b":{"0":[0,0],"1":[0,0],"2":[0,0]}}
,"C:\\Users\\Alunos\\Documents\\GitHub\\Terceiro-Semestre\\ADA COMPANY\\MVC\\API_ADA_COMPANY_TS\\src\\routes\\clienteRoute.ts": {"path":"C:\\Users\\Alunos\\Documents\\GitHub\\Terceiro-Semestre\\ADA COMPANY\\MVC\\API_ADA_COMPANY_TS\\src\\routes\\clienteRoute.ts","statementMap":{"0":{"start":{"line":1,"column":0},"end":{"line":1,"column":33}},"1":{"start":{"line":2,"column":0},"end":{"line":2,"column":82}},"2":{"start":{"line":3,"column":0},"end":{"line":3,"column":70}},"3":{"start":{"line":5,"column":15},"end":{"line":5,"column":23}},"4":{"start":{"line":8,"column":0},"end":{"line":8,"column":90}},"5":{"start":{"line":9,"column":0},"end":{"line":9,"column":96}},"6":{"start":{"line":10,"column":0},"end":{"line":10,"column":99}},"7":{"start":{"line":11,"column":0},"end":{"line":11,"column":90}},"8":{"start":{"line":13,"column":0},"end":{"line":13,"column":22}}},"fnMap":{},"branchMap":{},"s":{"0":1,"1":1,"2":1,"3":1,"4":1,"5":1,"6":1,"7":1,"8":1},"f":{},"b":{}}
,"C:\\Users\\Alunos\\Documents\\GitHub\\Terceiro-Semestre\\ADA COMPANY\\MVC\\API_ADA_COMPANY_TS\\src\\routes\\funcionarioRoute.ts": {"path":"C:\\Users\\Alunos\\Documents\\GitHub\\Terceiro-Semestre\\ADA COMPANY\\MVC\\API_ADA_COMPANY_TS\\src\\routes\\funcionarioRoute.ts","statementMap":{"0":{"start":{"line":1,"column":0},"end":{"line":1,"column":33}},"1":{"start":{"line":2,"column":0},"end":{"line":2,"column":82}},"2":{"start":{"line":3,"column":0},"end":{"line":3,"column":78}},"3":{"start":{"line":5,"column":15},"end":{"line":5,"column":23}},"4":{"start":{"line":8,"column":0},"end":{"line":8,"column":102}},"5":{"start":{"line":9,"column":0},"end":{"line":9,"column":108}},"6":{"start":{"line":10,"column":0},"end":{"line":10,"column":111}},"7":{"start":{"line":11,"column":0},"end":{"line":11,"column":109}},"8":{"start":{"line":13,"column":0},"end":{"line":13,"column":22}}},"fnMap":{},"branchMap":{},"s":{"0":1,"1":1,"2":1,"3":1,"4":1,"5":1,"6":1,"7":1,"8":1},"f":{},"b":{}}
,"C:\\Users\\Alunos\\Documents\\GitHub\\Terceiro-Semestre\\ADA COMPANY\\MVC\\API_ADA_COMPANY_TS\\src\\routes\\orcamentoRoute.ts": {"path":"C:\\Users\\Alunos\\Documents\\GitHub\\Terceiro-Semestre\\ADA COMPANY\\MVC\\API_ADA_COMPANY_TS\\src\\routes\\orcamentoRoute.ts","statementMap":{"0":{"start":{"line":1,"column":0},"end":{"line":1,"column":53}},"1":{"start":{"line":2,"column":15},"end":{"line":2,"column":31}},"2":{"start":{"line":3,"column":0},"end":{"line":3,"column":74}},"3":{"start":{"line":4,"column":0},"end":{"line":4,"column":82}},"4":{"start":{"line":7,"column":0},"end":{"line":13,"column":3}},"5":{"start":{"line":7,"column":99},"end":{"line":13,"column":2}},"6":{"start":{"line":8,"column":4},"end":{"line":12,"column":5}},"7":{"start":{"line":9,"column":8},"end":{"line":9,"column":57}},"8":{"start":{"line":11,"column":8},"end":{"line":11,"column":82}},"9":{"start":{"line":15,"column":0},"end":{"line":21,"column":3}},"10":{"start":{"line":15,"column":100},"end":{"line":21,"column":2}},"11":{"start":{"line":16,"column":4},"end":{"line":20,"column":5}},"12":{"start":{"line":17,"column":8},"end":{"line":17,"column":51}},"13":{"start":{"line":19,"column":8},"end":{"line":19,"column":81}},"14":{"start":{"line":23,"column":0},"end":{"line":29,"column":3}},"15":{"start":{"line":23,"column":103},"end":{"line":29,"column":2}},"16":{"start":{"line":24,"column":4},"end":{"line":28,"column":5}},"17":{"start":{"line":25,"column":8},"end":{"line":25,"column":60}},"18":{"start":{"line":27,"column":8},"end":{"line":27,"column":85}},"19":{"start":{"line":31,"column":0},"end":{"line":37,"column":3}},"20":{"start":{"line":31,"column":106},"end":{"line":37,"column":2}},"21":{"start":{"line":32,"column":4},"end":{"line":36,"column":5}},"22":{"start":{"line":33,"column":8},"end":{"line":33,"column":60}},"23":{"start":{"line":35,"column":8},"end":{"line":35,"column":83}},"24":{"start":{"line":39,"column":0},"end":{"line":45,"column":3}},"25":{"start":{"line":39,"column":103},"end":{"line":45,"column":2}},"26":{"start":{"line":40,"column":4},"end":{"line":44,"column":5}},"27":{"start":{"line":41,"column":8},"end":{"line":41,"column":52}},"28":{"start":{"line":43,"column":8},"end":{"line":43,"column":93}},"29":{"start":{"line":47,"column":0},"end":{"line":47,"column":22}}},"fnMap":{"0":{"name":"(anonymous_14)","decl":{"start":{"line":7,"column":61},"end":{"line":7,"column":68}},"loc":{"start":{"line":7,"column":99},"end":{"line":13,"column":2}}},"1":{"name":"(anonymous_15)","decl":{"start":{"line":7,"column":99},"end":{"line":7,"column":null}},"loc":{"start":{"line":7,"column":99},"end":{"line":13,"column":1}}},"2":{"name":"(anonymous_16)","decl":{"start":{"line":15,"column":62},"end":{"line":15,"column":69}},"loc":{"start":{"line":15,"column":100},"end":{"line":21,"column":2}}},"3":{"name":"(anonymous_17)","decl":{"start":{"line":15,"column":100},"end":{"line":15,"column":null}},"loc":{"start":{"line":15,"column":100},"end":{"line":21,"column":1}}},"4":{"name":"(anonymous_18)","decl":{"start":{"line":23,"column":65},"end":{"line":23,"column":72}},"loc":{"start":{"line":23,"column":103},"end":{"line":29,"column":2}}},"5":{"name":"(anonymous_19)","decl":{"start":{"line":23,"column":103},"end":{"line":23,"column":null}},"loc":{"start":{"line":23,"column":103},"end":{"line":29,"column":1}}},"6":{"name":"(anonymous_20)","decl":{"start":{"line":31,"column":68},"end":{"line":31,"column":75}},"loc":{"start":{"line":31,"column":106},"end":{"line":37,"column":2}}},"7":{"name":"(anonymous_21)","decl":{"start":{"line":31,"column":106},"end":{"line":31,"column":null}},"loc":{"start":{"line":31,"column":106},"end":{"line":37,"column":1}}},"8":{"name":"(anonymous_22)","decl":{"start":{"line":39,"column":65},"end":{"line":39,"column":72}},"loc":{"start":{"line":39,"column":103},"end":{"line":45,"column":2}}},"9":{"name":"(anonymous_23)","decl":{"start":{"line":39,"column":103},"end":{"line":39,"column":null}},"loc":{"start":{"line":39,"column":103},"end":{"line":45,"column":1}}}},"branchMap":{},"s":{"0":1,"1":1,"2":1,"3":1,"4":1,"5":0,"6":0,"7":0,"8":0,"9":1,"10":0,"11":0,"12":0,"13":0,"14":1,"15":0,"16":0,"17":0,"18":0,"19":1,"20":0,"21":0,"22":0,"23":0,"24":1,"25":0,"26":0,"27":0,"28":0,"29":1},"f":{"0":0,"1":0,"2":0,"3":0,"4":0,"5":0,"6":0,"7":0,"8":0,"9":0},"b":{}}
,"C:\\Users\\Alunos\\Documents\\GitHub\\Terceiro-Semestre\\ADA COMPANY\\MVC\\API_ADA_COMPANY_TS\\src\\routes\\servicoRoute.ts": {"path":"C:\\Users\\Alunos\\Documents\\GitHub\\Terceiro-Semestre\\ADA COMPANY\\MVC\\API_ADA_COMPANY_TS\\src\\routes\\servicoRoute.ts","statementMap":{"0":{"start":{"line":1,"column":0},"end":{"line":1,"column":53}},"1":{"start":{"line":2,"column":15},"end":{"line":2,"column":31}},"2":{"start":{"line":3,"column":0},"end":{"line":3,"column":65}},"3":{"start":{"line":4,"column":0},"end":{"line":4,"column":82}},"4":{"start":{"line":7,"column":0},"end":{"line":13,"column":3}},"5":{"start":{"line":7,"column":97},"end":{"line":13,"column":2}},"6":{"start":{"line":8,"column":4},"end":{"line":12,"column":5}},"7":{"start":{"line":9,"column":8},"end":{"line":9,"column":53}},"8":{"start":{"line":11,"column":8},"end":{"line":11,"column":80}},"9":{"start":{"line":15,"column":0},"end":{"line":21,"column":3}},"10":{"start":{"line":15,"column":98},"end":{"line":21,"column":2}},"11":{"start":{"line":16,"column":4},"end":{"line":20,"column":5}},"12":{"start":{"line":17,"column":8},"end":{"line":17,"column":49}},"13":{"start":{"line":19,"column":8},"end":{"line":19,"column":79}},"14":{"start":{"line":23,"column":0},"end":{"line":29,"column":3}},"15":{"start":{"line":23,"column":101},"end":{"line":29,"column":2}},"16":{"start":{"line":24,"column":4},"end":{"line":28,"column":5}},"17":{"start":{"line":25,"column":8},"end":{"line":25,"column":56}},"18":{"start":{"line":27,"column":8},"end":{"line":27,"column":83}},"19":{"start":{"line":31,"column":0},"end":{"line":37,"column":3}},"20":{"start":{"line":31,"column":104},"end":{"line":37,"column":2}},"21":{"start":{"line":32,"column":4},"end":{"line":36,"column":5}},"22":{"start":{"line":33,"column":8},"end":{"line":33,"column":56}},"23":{"start":{"line":35,"column":8},"end":{"line":35,"column":81}},"24":{"start":{"line":39,"column":0},"end":{"line":45,"column":3}},"25":{"start":{"line":39,"column":101},"end":{"line":45,"column":2}},"26":{"start":{"line":40,"column":4},"end":{"line":44,"column":5}},"27":{"start":{"line":41,"column":8},"end":{"line":41,"column":50}},"28":{"start":{"line":43,"column":8},"end":{"line":43,"column":91}},"29":{"start":{"line":47,"column":0},"end":{"line":47,"column":22}}},"fnMap":{"0":{"name":"(anonymous_8)","decl":{"start":{"line":7,"column":59},"end":{"line":7,"column":66}},"loc":{"start":{"line":7,"column":97},"end":{"line":13,"column":2}}},"1":{"name":"(anonymous_9)","decl":{"start":{"line":7,"column":97},"end":{"line":7,"column":null}},"loc":{"start":{"line":7,"column":97},"end":{"line":13,"column":1}}},"2":{"name":"(anonymous_10)","decl":{"start":{"line":15,"column":60},"end":{"line":15,"column":67}},"loc":{"start":{"line":15,"column":98},"end":{"line":21,"column":2}}},"3":{"name":"(anonymous_11)","decl":{"start":{"line":15,"column":98},"end":{"line":15,"column":null}},"loc":{"start":{"line":15,"column":98},"end":{"line":21,"column":1}}},"4":{"name":"(anonymous_12)","decl":{"start":{"line":23,"column":63},"end":{"line":23,"column":70}},"loc":{"start":{"line":23,"column":101},"end":{"line":29,"column":2}}},"5":{"name":"(anonymous_13)","decl":{"start":{"line":23,"column":101},"end":{"line":23,"column":null}},"loc":{"start":{"line":23,"column":101},"end":{"line":29,"column":1}}},"6":{"name":"(anonymous_14)","decl":{"start":{"line":31,"column":66},"end":{"line":31,"column":73}},"loc":{"start":{"line":31,"column":104},"end":{"line":37,"column":2}}},"7":{"name":"(anonymous_15)","decl":{"start":{"line":31,"column":104},"end":{"line":31,"column":null}},"loc":{"start":{"line":31,"column":104},"end":{"line":37,"column":1}}},"8":{"name":"(anonymous_16)","decl":{"start":{"line":39,"column":63},"end":{"line":39,"column":70}},"loc":{"start":{"line":39,"column":101},"end":{"line":45,"column":2}}},"9":{"name":"(anonymous_17)","decl":{"start":{"line":39,"column":101},"end":{"line":39,"column":null}},"loc":{"start":{"line":39,"column":101},"end":{"line":45,"column":1}}}},"branchMap":{},"s":{"0":1,"1":1,"2":1,"3":1,"4":1,"5":0,"6":0,"7":0,"8":0,"9":1,"10":0,"11":0,"12":0,"13":0,"14":1,"15":0,"16":0,"17":0,"18":0,"19":1,"20":0,"21":0,"22":0,"23":0,"24":1,"25":0,"26":0,"27":0,"28":0,"29":1},"f":{"0":0,"1":0,"2":0,"3":0,"4":0,"5":0,"6":0,"7":0,"8":0,"9":0},"b":{}}
}
